2026-02-11 04:58:27,234 INFO Ferengi enricher initialized: db=outputs\ferengi_enrichment_smoke.db workers=4 max_retries=3
2026-02-11 04:58:37,328 INFO Ferengi enricher initialized: db=outputs\ferengi_enrichment.db workers=4 max_retries=3
2026-02-11 04:58:46,859 INFO No more pending prospects - exiting
2026-02-11 05:02:36,058 INFO Ferengi enricher initialized: db=outputs\ferengi_enrichment.db workers=4 max_retries=3
2026-02-11 05:02:36,083 INFO No more pending prospects - exiting
2026-02-11 05:06:33,031 INFO Ferengi enricher initialized: db=outputs\ferengi_enrichment.db workers=4 max_retries=3
2026-02-11 05:06:33,057 INFO No more pending prospects - exiting
2026-02-11 05:14:38,843 INFO Ferengi enricher initialized: db=outputs\ferengi_enrichment.db workers=4 max_retries=3
2026-02-11 05:14:38,865 INFO No more pending prospects - exiting
2026-02-11 05:14:39,837 INFO Ferengi enricher initialized: db=outputs\ferengi_enrichment.db workers=4 max_retries=3
2026-02-11 05:14:39,857 INFO No more pending prospects - exiting
2026-02-11 05:59:12,783 INFO Ferengi enricher initialized: db=outputs\ferengi_enrichment.db workers=4 max_retries=3
2026-02-11 05:59:12,816 INFO No more pending prospects - exiting
2026-02-11 06:00:27,211 INFO Ferengi enricher initialized: db=outputs\ferengi_enrichment.db workers=4 max_retries=3
2026-02-11 06:28:39,814 INFO Ferengi enricher initialized: db=outputs\ferengi_enrichment.db workers=2 max_retries=3
2026-02-11 06:30:33,174 INFO Ferengi enricher initialized: db=outputs\ferengi_enrichment.db workers=2 max_retries=3
2026-02-11 06:39:30,111 INFO Ferengi enricher initialized: db=outputs\ferengi_enrichment.db workers=2 max_retries=3
2026-02-11 11:03:09,275 INFO Ferengi enricher initialized: db=outputs/ferengi_enrichment.db workers=2 max_retries=3
2026-02-11 11:06:52,459 INFO Ferengi enricher initialized: db=outputs/ferengi_enrichment.db workers=2 max_retries=3
2026-02-11 11:07:48,199 INFO Ferengi enricher initialized: db=outputs/ferengi_enrichment.db workers=2 max_retries=3
2026-02-11 11:30:09,203 INFO Ferengi enricher initialized: db=outputs/ferengi_enrichment.db workers=2 max_retries=3
2026-02-11 11:43:37,159 INFO Ferengi enricher initialized: db=outputs/ferengi_enrichment.db workers=1 max_retries=3
2026-02-11 11:51:17,286 INFO Ferengi enricher initialized: db=outputs/ferengi_enrichment.db workers=6 max_retries=3
2026-02-11 11:55:47,881 INFO Ferengi enricher initialized: db=outputs/ferengi_enrichment.db workers=6 max_retries=3
2026-02-11 12:04:36,947 INFO Ferengi enricher initialized: db=outputs/ferengi_enrichment.db workers=6 max_retries=3
2026-02-11 17:14:07,833 INFO Ferengi enricher initialized: db=outputs/ferengi_enrichment.db workers=4 max_retries=3
2026-02-11 17:19:28,079 INFO Ferengi enricher initialized: db=outputs/ferengi_enrichment.db workers=4 max_retries=3
2026-02-11 19:42:21,816 INFO Ferengi enricher initialized: db=outputs/ferengi_enrichment.db workers=2 max_retries=3
2026-02-11 20:02:37,195 INFO Ferengi enricher initialized: db=outputs/ferengi_enrichment.db workers=2 max_retries=3
2026-02-11 20:24:11,135 INFO Ferengi enricher initialized: db=./outputs/ferengi_enrichment.db workers=4 max_retries=3
2026-02-11 20:39:51,935 INFO Ferengi enricher initialized: db=./outputs/ferengi_enrichment.db workers=2 max_retries=3
